<html>
<head>
<title>TestNG:  chrome testing</title>
<link href="../testng.css" rel="stylesheet" type="text/css" />
<link href="../my-testng.css" rel="stylesheet" type="text/css" />

<style type="text/css">
.log { display: none;} 
.stack-trace { display: none;} 
</style>
<script type="text/javascript">
<!--
function flip(e) {
  current = e.style.display;
  if (current == 'block') {
    e.style.display = 'none';
    return 0;
  }
  else {
    e.style.display = 'block';
    return 1;
  }
}

function toggleBox(szDivId, elem, msg1, msg2)
{
  var res = -1;  if (document.getElementById) {
    res = flip(document.getElementById(szDivId));
  }
  else if (document.all) {
    // this is the way old msie versions work
    res = flip(document.all[szDivId]);
  }
  if(elem) {
    if(res == 0) elem.innerHTML = msg1; else elem.innerHTML = msg2;
  }

}

function toggleAllBoxes() {
  if (document.getElementsByTagName) {
    d = document.getElementsByTagName('div');
    for (i = 0; i < d.length; i++) {
      if (d[i].className == 'log') {
        flip(d[i]);
      }
    }
  }
}

// -->
</script>

</head>
<body>
<h2 align='center'>chrome testing</h2><table border='1' align="center">
<tr>
<td>Tests passed/Failed/Skipped:</td><td>0/0/1</td>
</tr><tr>
<td>Started on:</td><td>Tue Sep 17 12:02:23 PDT 2019</td>
</tr>
<tr><td>Total time:</td><td>10 seconds (10118 ms)</td>
</tr><tr>
<td>Included groups:</td><td></td>
</tr><tr>
<td>Excluded groups:</td><td></td>
</tr>
</table><p/>
<small><i>(Hover the method name to see the test class name)</i></small><p/>
<table width='100%' border='1' class='invocation-failed'>
<tr><td colspan='4' align='center'><b>FAILED CONFIGURATIONS</b></td></tr>
<tr><td><b>Test method</b></td>
<td width="30%"><b>Exception</b></td>
<td width="10%"><b>Time (seconds)</b></td>
<td><b>Instance</b></td>
</tr>
<tr>
<td title='day7.ParameterProcess.open()'><b>open</b><br>Test class: day7.ParameterProcess<br>Parameters: chrome</td>
<td><div><pre>org.openqa.selenium.SessionNotCreatedException: session not created
from disconnected: received Inspector.detached event
  (Session info: chrome=76.0.3809.132)
Build info: version: &apos;3.141.59&apos;, revision: &apos;e82be7d358&apos;, time: &apos;2018-11-14T08:25:53&apos;
System info: host: &apos;AMRIT&apos;, ip: &apos;192.168.56.1&apos;, os.name: &apos;Windows 10&apos;, os.arch: &apos;amd64&apos;, os.version: &apos;10.0&apos;, java.version: &apos;1.8.0_121&apos;
Driver info: driver.version: ChromeDriver
remote stacktrace: Backtrace:
	Ordinal0 [0x00E37C53+1473619]
	Ordinal0 [0x00DBAD71+961905]
	Ordinal0 [0x00D442B3+475827]
	Ordinal0 [0x00D3CAA9+445097]
	Ordinal0 [0x00D3C698+444056]
	Ordinal0 [0x00D3C411+443409]
	Ordinal0 [0x00D3BA5C+440924]
	Ordinal0 [0x00D3B5F4+439796]
	Ordinal0 [0x00D3B5B5+439733]
	Ordinal0 [0x00D42B15+469781]
	Ordinal0 [0x00D3B56C+439660]
	Ordinal0 [0x00D3C0C5+442565]
	Ordinal0 [0x00D3BA5C+440924]
	Ordinal0 [0x00D3B5F4+439796]
	Ordinal0 [0x00D3B5B5+439733]
	Ordinal0 [0x00D4146E+463982]
	Ordinal0 [0x00D3B56C+439660]
	Ordinal0 [0x00D3C0C5+442565]
	Ordinal0 [0x00D3BA5C+440924]
	Ordinal0 [0x00D3B5F4+439796]
	Ordinal0 [0x00D3B5B5+439733]
	Ordinal0 [0x00D3FC6B+457835]
	Ordinal0 [0x00D3B56C+439660]
	Ordinal0 [0x00D3C0C5+442565]
	Ordinal0 [0x00D3BA5C+440924]
	Ordinal0 [0x00D3B5F4+439796]
	Ordinal0 [0x00D3B5B5+439733]
	Ordinal0 [0x00D3F457+455767]
	Ordinal0 [0x00D3B56C+439660]
	Ordinal0 [0x00D3C0C5+442565]
	Ordinal0 [0x00D3BA5C+440924]
	Ordinal0 [0x00D3B5F4+439796]
	Ordinal0 [0x00D3B5B5+439733]
	Ordinal0 [0x00D3824C+426572]
	Ordinal0 [0x00D3B56C+439660]
	Ordinal0 [0x00D3B454+439380]
	Ordinal0 [0x00D44F10+478992]
	Ordinal0 [0x00CF98FE+170238]
	Ordinal0 [0x00CF8D1D+167197]
	Ordinal0 [0x00CF742B+160811]
	Ordinal0 [0x00CE0AE6+68326]
	Ordinal0 [0x00CE1BF0+72688]
	Ordinal0 [0x00CE1B89+72585]
	Ordinal0 [0x00DD4B37+1067831]
	GetHandleVerifier [0x00ED6845+506677]
	GetHandleVerifier [0x00ED65E0+506064]
	GetHandleVerifier [0x00EDD188+533624]
	GetHandleVerifier [0x00ED701A+508682]
	Ordinal0 [0x00DCC226+1032742]
	Ordinal0 [0x00DCC09F+1032351]
	Ordinal0 [0x00DD6A4B+1075787]
	Ordinal0 [0x00DD6BB3+1076147]
	Ordinal0 [0x00DD5B65+1071973]
	BaseThreadInitThunk [0x76D58494+36]
	RtlAreBitsSet [0x771641C8+136]
	RtlAreBitsSet [0x77164198+88]

	at org.openqa.selenium.remote.W3CHandshakeResponse.lambda$errorHandler$0(W3CHandshakeResponse.java:62)
	at org.openqa.selenium.remote.HandshakeResponse.lambda$getResponseFunction$0(HandshakeResponse.java:30)
	at org.openqa.selenium.remote.ProtocolHandshake.lambda$createSession$0(ProtocolHandshake.java:126)
	at java.util.stream.ReferencePipeline$3$1.accept(Unknown Source)
	at java.util.Spliterators$ArraySpliterator.tryAdvance(Unknown Source)
	at java.util.stream.ReferencePipeline.forEachWithCancel(Unknown Source)
	at java.util.stream.AbstractPipeline.copyIntoWithCancel(Unknown Source)
	at java.util.stream.AbstractPipeline.copyInto(Unknown Source)
	at java.util.stream.AbstractPipeline.wrapAndCopyInto(Unknown Source)
	at java.util.stream.FindOps$FindOp.evaluateSequential(Unknown Source)
	at java.util.stream.AbstractPipeline.evaluate(Unknown Source)
	at java.util.stream.ReferencePipeline.findFirst(Unknown Source)
	at org.openqa.selenium.remote.ProtocolHandshake.createSession(ProtocolHandshake.java:128)
	at org.openqa.selenium.remote.ProtocolHandshake.createSession(ProtocolHandshake.java:74)
	at org.openqa.selenium.remote.HttpCommandExecutor.execute(HttpCommandExecutor.java:136)
	at org.openqa.selenium.remote.service.DriverCommandExecutor.execute(DriverCommandExecutor.java:83)
	at org.openqa.selenium.remote.RemoteWebDriver.execute(RemoteWebDriver.java:552)
	at org.openqa.selenium.remote.RemoteWebDriver.startSession(RemoteWebDriver.java:213)
	at org.openqa.selenium.remote.RemoteWebDriver.&lt;init&gt;(RemoteWebDriver.java:131)
	at org.openqa.selenium.chrome.ChromeDriver.&lt;init&gt;(ChromeDriver.java:181)
	at org.openqa.selenium.chrome.ChromeDriver.&lt;init&gt;(ChromeDriver.java:168)
	at org.openqa.selenium.chrome.ChromeDriver.&lt;init&gt;(ChromeDriver.java:123)
	at day7.ParameterProcess.open(ParameterProcess.java:22)
	at java.util.ArrayList.forEach(Unknown Source)
... Removed 29 stack frames</pre></div><a href='#' onClick='toggleBox("stack-trace333040629", this, "Click to show all stack frames", "Click to hide stack frames")'>Click to show all stack frames</a>
<div class='stack-trace' id='stack-trace333040629'><pre>org.openqa.selenium.SessionNotCreatedException: session not created
from disconnected: received Inspector.detached event
  (Session info: chrome=76.0.3809.132)
Build info: version: &apos;3.141.59&apos;, revision: &apos;e82be7d358&apos;, time: &apos;2018-11-14T08:25:53&apos;
System info: host: &apos;AMRIT&apos;, ip: &apos;192.168.56.1&apos;, os.name: &apos;Windows 10&apos;, os.arch: &apos;amd64&apos;, os.version: &apos;10.0&apos;, java.version: &apos;1.8.0_121&apos;
Driver info: driver.version: ChromeDriver
remote stacktrace: Backtrace:
	Ordinal0 [0x00E37C53+1473619]
	Ordinal0 [0x00DBAD71+961905]
	Ordinal0 [0x00D442B3+475827]
	Ordinal0 [0x00D3CAA9+445097]
	Ordinal0 [0x00D3C698+444056]
	Ordinal0 [0x00D3C411+443409]
	Ordinal0 [0x00D3BA5C+440924]
	Ordinal0 [0x00D3B5F4+439796]
	Ordinal0 [0x00D3B5B5+439733]
	Ordinal0 [0x00D42B15+469781]
	Ordinal0 [0x00D3B56C+439660]
	Ordinal0 [0x00D3C0C5+442565]
	Ordinal0 [0x00D3BA5C+440924]
	Ordinal0 [0x00D3B5F4+439796]
	Ordinal0 [0x00D3B5B5+439733]
	Ordinal0 [0x00D4146E+463982]
	Ordinal0 [0x00D3B56C+439660]
	Ordinal0 [0x00D3C0C5+442565]
	Ordinal0 [0x00D3BA5C+440924]
	Ordinal0 [0x00D3B5F4+439796]
	Ordinal0 [0x00D3B5B5+439733]
	Ordinal0 [0x00D3FC6B+457835]
	Ordinal0 [0x00D3B56C+439660]
	Ordinal0 [0x00D3C0C5+442565]
	Ordinal0 [0x00D3BA5C+440924]
	Ordinal0 [0x00D3B5F4+439796]
	Ordinal0 [0x00D3B5B5+439733]
	Ordinal0 [0x00D3F457+455767]
	Ordinal0 [0x00D3B56C+439660]
	Ordinal0 [0x00D3C0C5+442565]
	Ordinal0 [0x00D3BA5C+440924]
	Ordinal0 [0x00D3B5F4+439796]
	Ordinal0 [0x00D3B5B5+439733]
	Ordinal0 [0x00D3824C+426572]
	Ordinal0 [0x00D3B56C+439660]
	Ordinal0 [0x00D3B454+439380]
	Ordinal0 [0x00D44F10+478992]
	Ordinal0 [0x00CF98FE+170238]
	Ordinal0 [0x00CF8D1D+167197]
	Ordinal0 [0x00CF742B+160811]
	Ordinal0 [0x00CE0AE6+68326]
	Ordinal0 [0x00CE1BF0+72688]
	Ordinal0 [0x00CE1B89+72585]
	Ordinal0 [0x00DD4B37+1067831]
	GetHandleVerifier [0x00ED6845+506677]
	GetHandleVerifier [0x00ED65E0+506064]
	GetHandleVerifier [0x00EDD188+533624]
	GetHandleVerifier [0x00ED701A+508682]
	Ordinal0 [0x00DCC226+1032742]
	Ordinal0 [0x00DCC09F+1032351]
	Ordinal0 [0x00DD6A4B+1075787]
	Ordinal0 [0x00DD6BB3+1076147]
	Ordinal0 [0x00DD5B65+1071973]
	BaseThreadInitThunk [0x76D58494+36]
	RtlAreBitsSet [0x771641C8+136]
	RtlAreBitsSet [0x77164198+88]

	at sun.reflect.NativeConstructorAccessorImpl.newInstance0(Native Method)
	at sun.reflect.NativeConstructorAccessorImpl.newInstance(Unknown Source)
	at sun.reflect.DelegatingConstructorAccessorImpl.newInstance(Unknown Source)
	at java.lang.reflect.Constructor.newInstance(Unknown Source)
	at org.openqa.selenium.remote.W3CHandshakeResponse.lambda$errorHandler$0(W3CHandshakeResponse.java:62)
	at org.openqa.selenium.remote.HandshakeResponse.lambda$getResponseFunction$0(HandshakeResponse.java:30)
	at org.openqa.selenium.remote.ProtocolHandshake.lambda$createSession$0(ProtocolHandshake.java:126)
	at java.util.stream.ReferencePipeline$3$1.accept(Unknown Source)
	at java.util.Spliterators$ArraySpliterator.tryAdvance(Unknown Source)
	at java.util.stream.ReferencePipeline.forEachWithCancel(Unknown Source)
	at java.util.stream.AbstractPipeline.copyIntoWithCancel(Unknown Source)
	at java.util.stream.AbstractPipeline.copyInto(Unknown Source)
	at java.util.stream.AbstractPipeline.wrapAndCopyInto(Unknown Source)
	at java.util.stream.FindOps$FindOp.evaluateSequential(Unknown Source)
	at java.util.stream.AbstractPipeline.evaluate(Unknown Source)
	at java.util.stream.ReferencePipeline.findFirst(Unknown Source)
	at org.openqa.selenium.remote.ProtocolHandshake.createSession(ProtocolHandshake.java:128)
	at org.openqa.selenium.remote.ProtocolHandshake.createSession(ProtocolHandshake.java:74)
	at org.openqa.selenium.remote.HttpCommandExecutor.execute(HttpCommandExecutor.java:136)
	at org.openqa.selenium.remote.service.DriverCommandExecutor.execute(DriverCommandExecutor.java:83)
	at org.openqa.selenium.remote.RemoteWebDriver.execute(RemoteWebDriver.java:552)
	at org.openqa.selenium.remote.RemoteWebDriver.startSession(RemoteWebDriver.java:213)
	at org.openqa.selenium.remote.RemoteWebDriver.&lt;init&gt;(RemoteWebDriver.java:131)
	at org.openqa.selenium.chrome.ChromeDriver.&lt;init&gt;(ChromeDriver.java:181)
	at org.openqa.selenium.chrome.ChromeDriver.&lt;init&gt;(ChromeDriver.java:168)
	at org.openqa.selenium.chrome.ChromeDriver.&lt;init&gt;(ChromeDriver.java:123)
	at day7.ParameterProcess.open(ParameterProcess.java:22)
	at sun.reflect.NativeMethodAccessorImpl.invoke0(Native Method)
	at sun.reflect.NativeMethodAccessorImpl.invoke(Unknown Source)
	at sun.reflect.DelegatingMethodAccessorImpl.invoke(Unknown Source)
	at java.lang.reflect.Method.invoke(Unknown Source)
	at org.testng.internal.MethodInvocationHelper.invokeMethod(MethodInvocationHelper.java:133)
	at org.testng.internal.MethodInvocationHelper.invokeMethodConsideringTimeout(MethodInvocationHelper.java:62)
	at org.testng.internal.ConfigInvoker.invokeConfigurationMethod(ConfigInvoker.java:340)
	at org.testng.internal.ConfigInvoker.invokeConfigurations(ConfigInvoker.java:294)
	at org.testng.internal.TestMethodWorker.invokeBeforeClassMethods(TestMethodWorker.java:176)
	at org.testng.internal.TestMethodWorker.run(TestMethodWorker.java:122)
	at java.util.ArrayList.forEach(Unknown Source)
	at org.testng.TestRunner.privateRun(TestRunner.java:770)
	at org.testng.TestRunner.run(TestRunner.java:591)
	at org.testng.SuiteRunner.runTest(SuiteRunner.java:402)
	at org.testng.SuiteRunner.runSequentially(SuiteRunner.java:396)
	at org.testng.SuiteRunner.privateRun(SuiteRunner.java:355)
	at org.testng.SuiteRunner.run(SuiteRunner.java:304)
	at org.testng.SuiteRunnerWorker.runSuite(SuiteRunnerWorker.java:53)
	at org.testng.SuiteRunnerWorker.run(SuiteRunnerWorker.java:96)
	at org.testng.TestNG.runSuitesSequentially(TestNG.java:1180)
	at org.testng.TestNG.runSuitesLocally(TestNG.java:1102)
	at org.testng.TestNG.runSuites(TestNG.java:1032)
	at org.testng.TestNG.run(TestNG.java:1000)
	at org.testng.remote.AbstractRemoteTestNG.run(AbstractRemoteTestNG.java:115)
	at org.testng.remote.RemoteTestNG.initAndRun(RemoteTestNG.java:251)
	at org.testng.remote.RemoteTestNG.main(RemoteTestNG.java:77)
</pre></div></td>
<td>10</td>
<td>day7.ParameterProcess@5ae63ade</td></tr>
</table><p>
<table width='100%' border='1' class='invocation-failed'>
<tr><td colspan='4' align='center'><b>FAILED TESTS</b></td></tr>
<tr><td><b>Test method</b></td>
<td width="30%"><b>Exception</b></td>
<td width="10%"><b>Time (seconds)</b></td>
<td><b>Instance</b></td>
</tr>
<tr>
<td title='day7.ParameterProcess.verifyLoginWithCorrectCredentials()'><b>verifyLoginWithCorrectCredentials</b><br>Test class: day7.ParameterProcess<br>Parameters: mngr223633, evytumy</td>
<td><div><pre>org.openqa.selenium.NoSuchElementException: No such element (WARNING: The server did not provide any stacktrace information)
Command duration or timeout: 0 milliseconds
For documentation on this error, please visit: https://www.seleniumhq.org/exceptions/no_such_element.html
Build info: version: &apos;3.141.59&apos;, revision: &apos;e82be7d358&apos;, time: &apos;2018-11-14T08:25:53&apos;
System info: host: &apos;AMRIT&apos;, ip: &apos;192.168.56.1&apos;, os.name: &apos;Windows 10&apos;, os.arch: &apos;amd64&apos;, os.version: &apos;10.0&apos;, java.version: &apos;1.8.0_121&apos;
Driver info: org.openqa.selenium.edge.EdgeDriver
Capabilities {InPrivate: false, acceptSslCerts: true, applicationCacheEnabled: true, browserName: MicrosoftEdge, browserVersion: 42.17134.1.0, javascriptEnabled: true, locationContextEnabled: true, pageLoadStrategy: normal, platform: WINDOWS, platformName: WINDOWS, platformVersion: 10, takesElementScreenshot: true, takesScreenshot: true, webStorageEnabled: true}
Session ID: BD990548-B7F4-461F-A67B-E1D9A01FCD52
*** Element info: {Using=xpath, value=//td[contains(text(),&apos;Manger Id&apos;)]}
	at org.openqa.selenium.remote.ErrorHandler.createThrowable(ErrorHandler.java:214)
	at org.openqa.selenium.remote.ErrorHandler.throwIfResponseFailed(ErrorHandler.java:166)
	at org.openqa.selenium.remote.http.JsonHttpResponseCodec.reconstructValue(JsonHttpResponseCodec.java:40)
	at org.openqa.selenium.remote.http.AbstractHttpResponseCodec.decode(AbstractHttpResponseCodec.java:80)
	at org.openqa.selenium.remote.http.AbstractHttpResponseCodec.decode(AbstractHttpResponseCodec.java:44)
	at org.openqa.selenium.remote.HttpCommandExecutor.execute(HttpCommandExecutor.java:158)
	at org.openqa.selenium.remote.service.DriverCommandExecutor.execute(DriverCommandExecutor.java:83)
	at org.openqa.selenium.remote.RemoteWebDriver.execute(RemoteWebDriver.java:552)
	at org.openqa.selenium.remote.RemoteWebDriver.findElement(RemoteWebDriver.java:323)
	at org.openqa.selenium.remote.RemoteWebDriver.findElementByXPath(RemoteWebDriver.java:428)
	at org.openqa.selenium.By$ByXPath.findElement(By.java:353)
	at org.openqa.selenium.remote.RemoteWebDriver.findElement(RemoteWebDriver.java:315)
	at day7.ParameterProcess.verifyLoginWithCorrectCredentials(ParameterProcess.java:52)
	at java.util.ArrayList.forEach(Unknown Source)
... Removed 31 stack frames</pre></div><a href='#' onClick='toggleBox("stack-trace1396721535", this, "Click to show all stack frames", "Click to hide stack frames")'>Click to show all stack frames</a>
<div class='stack-trace' id='stack-trace1396721535'><pre>org.openqa.selenium.NoSuchElementException: No such element (WARNING: The server did not provide any stacktrace information)
Command duration or timeout: 0 milliseconds
For documentation on this error, please visit: https://www.seleniumhq.org/exceptions/no_such_element.html
Build info: version: &apos;3.141.59&apos;, revision: &apos;e82be7d358&apos;, time: &apos;2018-11-14T08:25:53&apos;
System info: host: &apos;AMRIT&apos;, ip: &apos;192.168.56.1&apos;, os.name: &apos;Windows 10&apos;, os.arch: &apos;amd64&apos;, os.version: &apos;10.0&apos;, java.version: &apos;1.8.0_121&apos;
Driver info: org.openqa.selenium.edge.EdgeDriver
Capabilities {InPrivate: false, acceptSslCerts: true, applicationCacheEnabled: true, browserName: MicrosoftEdge, browserVersion: 42.17134.1.0, javascriptEnabled: true, locationContextEnabled: true, pageLoadStrategy: normal, platform: WINDOWS, platformName: WINDOWS, platformVersion: 10, takesElementScreenshot: true, takesScreenshot: true, webStorageEnabled: true}
Session ID: BD990548-B7F4-461F-A67B-E1D9A01FCD52
*** Element info: {Using=xpath, value=//td[contains(text(),&apos;Manger Id&apos;)]}
	at sun.reflect.NativeConstructorAccessorImpl.newInstance0(Native Method)
	at sun.reflect.NativeConstructorAccessorImpl.newInstance(Unknown Source)
	at sun.reflect.DelegatingConstructorAccessorImpl.newInstance(Unknown Source)
	at java.lang.reflect.Constructor.newInstance(Unknown Source)
	at org.openqa.selenium.remote.ErrorHandler.createThrowable(ErrorHandler.java:214)
	at org.openqa.selenium.remote.ErrorHandler.throwIfResponseFailed(ErrorHandler.java:166)
	at org.openqa.selenium.remote.http.JsonHttpResponseCodec.reconstructValue(JsonHttpResponseCodec.java:40)
	at org.openqa.selenium.remote.http.AbstractHttpResponseCodec.decode(AbstractHttpResponseCodec.java:80)
	at org.openqa.selenium.remote.http.AbstractHttpResponseCodec.decode(AbstractHttpResponseCodec.java:44)
	at org.openqa.selenium.remote.HttpCommandExecutor.execute(HttpCommandExecutor.java:158)
	at org.openqa.selenium.remote.service.DriverCommandExecutor.execute(DriverCommandExecutor.java:83)
	at org.openqa.selenium.remote.RemoteWebDriver.execute(RemoteWebDriver.java:552)
	at org.openqa.selenium.remote.RemoteWebDriver.findElement(RemoteWebDriver.java:323)
	at org.openqa.selenium.remote.RemoteWebDriver.findElementByXPath(RemoteWebDriver.java:428)
	at org.openqa.selenium.By$ByXPath.findElement(By.java:353)
	at org.openqa.selenium.remote.RemoteWebDriver.findElement(RemoteWebDriver.java:315)
	at day7.ParameterProcess.verifyLoginWithCorrectCredentials(ParameterProcess.java:52)
	at sun.reflect.NativeMethodAccessorImpl.invoke0(Native Method)
	at sun.reflect.NativeMethodAccessorImpl.invoke(Unknown Source)
	at sun.reflect.DelegatingMethodAccessorImpl.invoke(Unknown Source)
	at java.lang.reflect.Method.invoke(Unknown Source)
	at org.testng.internal.MethodInvocationHelper.invokeMethod(MethodInvocationHelper.java:133)
	at org.testng.internal.TestInvoker.invokeMethod(TestInvoker.java:584)
	at org.testng.internal.TestInvoker.invokeTestMethod(TestInvoker.java:172)
	at org.testng.internal.MethodRunner.runInSequence(MethodRunner.java:46)
	at org.testng.internal.TestInvoker$MethodInvocationAgent.invoke(TestInvoker.java:804)
	at org.testng.internal.TestInvoker.invokeTestMethods(TestInvoker.java:145)
	at org.testng.internal.TestMethodWorker.invokeTestMethods(TestMethodWorker.java:146)
	at org.testng.internal.TestMethodWorker.run(TestMethodWorker.java:128)
	at java.util.ArrayList.forEach(Unknown Source)
	at org.testng.TestRunner.privateRun(TestRunner.java:770)
	at org.testng.TestRunner.run(TestRunner.java:591)
	at org.testng.SuiteRunner.runTest(SuiteRunner.java:402)
	at org.testng.SuiteRunner.runSequentially(SuiteRunner.java:396)
	at org.testng.SuiteRunner.privateRun(SuiteRunner.java:355)
	at org.testng.SuiteRunner.run(SuiteRunner.java:304)
	at org.testng.SuiteRunnerWorker.runSuite(SuiteRunnerWorker.java:53)
	at org.testng.SuiteRunnerWorker.run(SuiteRunnerWorker.java:96)
	at org.testng.TestNG.runSuitesSequentially(TestNG.java:1180)
	at org.testng.TestNG.runSuitesLocally(TestNG.java:1102)
	at org.testng.TestNG.runSuites(TestNG.java:1032)
	at org.testng.TestNG.run(TestNG.java:1000)
	at org.testng.remote.AbstractRemoteTestNG.run(AbstractRemoteTestNG.java:115)
	at org.testng.remote.RemoteTestNG.initAndRun(RemoteTestNG.java:251)
	at org.testng.remote.RemoteTestNG.main(RemoteTestNG.java:77)
</pre></div></td>
<td>2</td>
<td>day7.ParameterProcess@5f9d02cb</td></tr>
</table><p>
<table width='100%' border='1' class='invocation-skipped'>
<tr><td colspan='4' align='center'><b>SKIPPED TESTS</b></td></tr>
<tr><td><b>Test method</b></td>
<td width="30%"><b>Exception</b></td>
<td width="10%"><b>Time (seconds)</b></td>
<td><b>Instance</b></td>
</tr>
<tr>
<td title='day7.ParameterProcess.verifyLoginWithCorrectCredentials()'><b>verifyLoginWithCorrectCredentials</b><br>Test class: day7.ParameterProcess</td>
<td><div><pre>org.openqa.selenium.SessionNotCreatedException: session not created
from disconnected: received Inspector.detached event
  (Session info: chrome=76.0.3809.132)
Build info: version: &apos;3.141.59&apos;, revision: &apos;e82be7d358&apos;, time: &apos;2018-11-14T08:25:53&apos;
System info: host: &apos;AMRIT&apos;, ip: &apos;192.168.56.1&apos;, os.name: &apos;Windows 10&apos;, os.arch: &apos;amd64&apos;, os.version: &apos;10.0&apos;, java.version: &apos;1.8.0_121&apos;
Driver info: driver.version: ChromeDriver
remote stacktrace: Backtrace:
	Ordinal0 [0x00E37C53+1473619]
	Ordinal0 [0x00DBAD71+961905]
	Ordinal0 [0x00D442B3+475827]
	Ordinal0 [0x00D3CAA9+445097]
	Ordinal0 [0x00D3C698+444056]
	Ordinal0 [0x00D3C411+443409]
	Ordinal0 [0x00D3BA5C+440924]
	Ordinal0 [0x00D3B5F4+439796]
	Ordinal0 [0x00D3B5B5+439733]
	Ordinal0 [0x00D42B15+469781]
	Ordinal0 [0x00D3B56C+439660]
	Ordinal0 [0x00D3C0C5+442565]
	Ordinal0 [0x00D3BA5C+440924]
	Ordinal0 [0x00D3B5F4+439796]
	Ordinal0 [0x00D3B5B5+439733]
	Ordinal0 [0x00D4146E+463982]
	Ordinal0 [0x00D3B56C+439660]
	Ordinal0 [0x00D3C0C5+442565]
	Ordinal0 [0x00D3BA5C+440924]
	Ordinal0 [0x00D3B5F4+439796]
	Ordinal0 [0x00D3B5B5+439733]
	Ordinal0 [0x00D3FC6B+457835]
	Ordinal0 [0x00D3B56C+439660]
	Ordinal0 [0x00D3C0C5+442565]
	Ordinal0 [0x00D3BA5C+440924]
	Ordinal0 [0x00D3B5F4+439796]
	Ordinal0 [0x00D3B5B5+439733]
	Ordinal0 [0x00D3F457+455767]
	Ordinal0 [0x00D3B56C+439660]
	Ordinal0 [0x00D3C0C5+442565]
	Ordinal0 [0x00D3BA5C+440924]
	Ordinal0 [0x00D3B5F4+439796]
	Ordinal0 [0x00D3B5B5+439733]
	Ordinal0 [0x00D3824C+426572]
	Ordinal0 [0x00D3B56C+439660]
	Ordinal0 [0x00D3B454+439380]
	Ordinal0 [0x00D44F10+478992]
	Ordinal0 [0x00CF98FE+170238]
	Ordinal0 [0x00CF8D1D+167197]
	Ordinal0 [0x00CF742B+160811]
	Ordinal0 [0x00CE0AE6+68326]
	Ordinal0 [0x00CE1BF0+72688]
	Ordinal0 [0x00CE1B89+72585]
	Ordinal0 [0x00DD4B37+1067831]
	GetHandleVerifier [0x00ED6845+506677]
	GetHandleVerifier [0x00ED65E0+506064]
	GetHandleVerifier [0x00EDD188+533624]
	GetHandleVerifier [0x00ED701A+508682]
	Ordinal0 [0x00DCC226+1032742]
	Ordinal0 [0x00DCC09F+1032351]
	Ordinal0 [0x00DD6A4B+1075787]
	Ordinal0 [0x00DD6BB3+1076147]
	Ordinal0 [0x00DD5B65+1071973]
	BaseThreadInitThunk [0x76D58494+36]
	RtlAreBitsSet [0x771641C8+136]
	RtlAreBitsSet [0x77164198+88]

	at org.openqa.selenium.remote.W3CHandshakeResponse.lambda$errorHandler$0(W3CHandshakeResponse.java:62)
	at org.openqa.selenium.remote.HandshakeResponse.lambda$getResponseFunction$0(HandshakeResponse.java:30)
	at org.openqa.selenium.remote.ProtocolHandshake.lambda$createSession$0(ProtocolHandshake.java:126)
	at java.util.stream.ReferencePipeline$3$1.accept(Unknown Source)
	at java.util.Spliterators$ArraySpliterator.tryAdvance(Unknown Source)
	at java.util.stream.ReferencePipeline.forEachWithCancel(Unknown Source)
	at java.util.stream.AbstractPipeline.copyIntoWithCancel(Unknown Source)
	at java.util.stream.AbstractPipeline.copyInto(Unknown Source)
	at java.util.stream.AbstractPipeline.wrapAndCopyInto(Unknown Source)
	at java.util.stream.FindOps$FindOp.evaluateSequential(Unknown Source)
	at java.util.stream.AbstractPipeline.evaluate(Unknown Source)
	at java.util.stream.ReferencePipeline.findFirst(Unknown Source)
	at org.openqa.selenium.remote.ProtocolHandshake.createSession(ProtocolHandshake.java:128)
	at org.openqa.selenium.remote.ProtocolHandshake.createSession(ProtocolHandshake.java:74)
	at org.openqa.selenium.remote.HttpCommandExecutor.execute(HttpCommandExecutor.java:136)
	at org.openqa.selenium.remote.service.DriverCommandExecutor.execute(DriverCommandExecutor.java:83)
	at org.openqa.selenium.remote.RemoteWebDriver.execute(RemoteWebDriver.java:552)
	at org.openqa.selenium.remote.RemoteWebDriver.startSession(RemoteWebDriver.java:213)
	at org.openqa.selenium.remote.RemoteWebDriver.&lt;init&gt;(RemoteWebDriver.java:131)
	at org.openqa.selenium.chrome.ChromeDriver.&lt;init&gt;(ChromeDriver.java:181)
	at org.openqa.selenium.chrome.ChromeDriver.&lt;init&gt;(ChromeDriver.java:168)
	at org.openqa.selenium.chrome.ChromeDriver.&lt;init&gt;(ChromeDriver.java:123)
	at day7.ParameterProcess.open(ParameterProcess.java:22)
	at java.util.ArrayList.forEach(Unknown Source)
... Removed 29 stack frames</pre></div><a href='#' onClick='toggleBox("stack-trace2068897588", this, "Click to show all stack frames", "Click to hide stack frames")'>Click to show all stack frames</a>
<div class='stack-trace' id='stack-trace2068897588'><pre>org.openqa.selenium.SessionNotCreatedException: session not created
from disconnected: received Inspector.detached event
  (Session info: chrome=76.0.3809.132)
Build info: version: &apos;3.141.59&apos;, revision: &apos;e82be7d358&apos;, time: &apos;2018-11-14T08:25:53&apos;
System info: host: &apos;AMRIT&apos;, ip: &apos;192.168.56.1&apos;, os.name: &apos;Windows 10&apos;, os.arch: &apos;amd64&apos;, os.version: &apos;10.0&apos;, java.version: &apos;1.8.0_121&apos;
Driver info: driver.version: ChromeDriver
remote stacktrace: Backtrace:
	Ordinal0 [0x00E37C53+1473619]
	Ordinal0 [0x00DBAD71+961905]
	Ordinal0 [0x00D442B3+475827]
	Ordinal0 [0x00D3CAA9+445097]
	Ordinal0 [0x00D3C698+444056]
	Ordinal0 [0x00D3C411+443409]
	Ordinal0 [0x00D3BA5C+440924]
	Ordinal0 [0x00D3B5F4+439796]
	Ordinal0 [0x00D3B5B5+439733]
	Ordinal0 [0x00D42B15+469781]
	Ordinal0 [0x00D3B56C+439660]
	Ordinal0 [0x00D3C0C5+442565]
	Ordinal0 [0x00D3BA5C+440924]
	Ordinal0 [0x00D3B5F4+439796]
	Ordinal0 [0x00D3B5B5+439733]
	Ordinal0 [0x00D4146E+463982]
	Ordinal0 [0x00D3B56C+439660]
	Ordinal0 [0x00D3C0C5+442565]
	Ordinal0 [0x00D3BA5C+440924]
	Ordinal0 [0x00D3B5F4+439796]
	Ordinal0 [0x00D3B5B5+439733]
	Ordinal0 [0x00D3FC6B+457835]
	Ordinal0 [0x00D3B56C+439660]
	Ordinal0 [0x00D3C0C5+442565]
	Ordinal0 [0x00D3BA5C+440924]
	Ordinal0 [0x00D3B5F4+439796]
	Ordinal0 [0x00D3B5B5+439733]
	Ordinal0 [0x00D3F457+455767]
	Ordinal0 [0x00D3B56C+439660]
	Ordinal0 [0x00D3C0C5+442565]
	Ordinal0 [0x00D3BA5C+440924]
	Ordinal0 [0x00D3B5F4+439796]
	Ordinal0 [0x00D3B5B5+439733]
	Ordinal0 [0x00D3824C+426572]
	Ordinal0 [0x00D3B56C+439660]
	Ordinal0 [0x00D3B454+439380]
	Ordinal0 [0x00D44F10+478992]
	Ordinal0 [0x00CF98FE+170238]
	Ordinal0 [0x00CF8D1D+167197]
	Ordinal0 [0x00CF742B+160811]
	Ordinal0 [0x00CE0AE6+68326]
	Ordinal0 [0x00CE1BF0+72688]
	Ordinal0 [0x00CE1B89+72585]
	Ordinal0 [0x00DD4B37+1067831]
	GetHandleVerifier [0x00ED6845+506677]
	GetHandleVerifier [0x00ED65E0+506064]
	GetHandleVerifier [0x00EDD188+533624]
	GetHandleVerifier [0x00ED701A+508682]
	Ordinal0 [0x00DCC226+1032742]
	Ordinal0 [0x00DCC09F+1032351]
	Ordinal0 [0x00DD6A4B+1075787]
	Ordinal0 [0x00DD6BB3+1076147]
	Ordinal0 [0x00DD5B65+1071973]
	BaseThreadInitThunk [0x76D58494+36]
	RtlAreBitsSet [0x771641C8+136]
	RtlAreBitsSet [0x77164198+88]

	at sun.reflect.NativeConstructorAccessorImpl.newInstance0(Native Method)
	at sun.reflect.NativeConstructorAccessorImpl.newInstance(Unknown Source)
	at sun.reflect.DelegatingConstructorAccessorImpl.newInstance(Unknown Source)
	at java.lang.reflect.Constructor.newInstance(Unknown Source)
	at org.openqa.selenium.remote.W3CHandshakeResponse.lambda$errorHandler$0(W3CHandshakeResponse.java:62)
	at org.openqa.selenium.remote.HandshakeResponse.lambda$getResponseFunction$0(HandshakeResponse.java:30)
	at org.openqa.selenium.remote.ProtocolHandshake.lambda$createSession$0(ProtocolHandshake.java:126)
	at java.util.stream.ReferencePipeline$3$1.accept(Unknown Source)
	at java.util.Spliterators$ArraySpliterator.tryAdvance(Unknown Source)
	at java.util.stream.ReferencePipeline.forEachWithCancel(Unknown Source)
	at java.util.stream.AbstractPipeline.copyIntoWithCancel(Unknown Source)
	at java.util.stream.AbstractPipeline.copyInto(Unknown Source)
	at java.util.stream.AbstractPipeline.wrapAndCopyInto(Unknown Source)
	at java.util.stream.FindOps$FindOp.evaluateSequential(Unknown Source)
	at java.util.stream.AbstractPipeline.evaluate(Unknown Source)
	at java.util.stream.ReferencePipeline.findFirst(Unknown Source)
	at org.openqa.selenium.remote.ProtocolHandshake.createSession(ProtocolHandshake.java:128)
	at org.openqa.selenium.remote.ProtocolHandshake.createSession(ProtocolHandshake.java:74)
	at org.openqa.selenium.remote.HttpCommandExecutor.execute(HttpCommandExecutor.java:136)
	at org.openqa.selenium.remote.service.DriverCommandExecutor.execute(DriverCommandExecutor.java:83)
	at org.openqa.selenium.remote.RemoteWebDriver.execute(RemoteWebDriver.java:552)
	at org.openqa.selenium.remote.RemoteWebDriver.startSession(RemoteWebDriver.java:213)
	at org.openqa.selenium.remote.RemoteWebDriver.&lt;init&gt;(RemoteWebDriver.java:131)
	at org.openqa.selenium.chrome.ChromeDriver.&lt;init&gt;(ChromeDriver.java:181)
	at org.openqa.selenium.chrome.ChromeDriver.&lt;init&gt;(ChromeDriver.java:168)
	at org.openqa.selenium.chrome.ChromeDriver.&lt;init&gt;(ChromeDriver.java:123)
	at day7.ParameterProcess.open(ParameterProcess.java:22)
	at sun.reflect.NativeMethodAccessorImpl.invoke0(Native Method)
	at sun.reflect.NativeMethodAccessorImpl.invoke(Unknown Source)
	at sun.reflect.DelegatingMethodAccessorImpl.invoke(Unknown Source)
	at java.lang.reflect.Method.invoke(Unknown Source)
	at org.testng.internal.MethodInvocationHelper.invokeMethod(MethodInvocationHelper.java:133)
	at org.testng.internal.MethodInvocationHelper.invokeMethodConsideringTimeout(MethodInvocationHelper.java:62)
	at org.testng.internal.ConfigInvoker.invokeConfigurationMethod(ConfigInvoker.java:340)
	at org.testng.internal.ConfigInvoker.invokeConfigurations(ConfigInvoker.java:294)
	at org.testng.internal.TestMethodWorker.invokeBeforeClassMethods(TestMethodWorker.java:176)
	at org.testng.internal.TestMethodWorker.run(TestMethodWorker.java:122)
	at java.util.ArrayList.forEach(Unknown Source)
	at org.testng.TestRunner.privateRun(TestRunner.java:770)
	at org.testng.TestRunner.run(TestRunner.java:591)
	at org.testng.SuiteRunner.runTest(SuiteRunner.java:402)
	at org.testng.SuiteRunner.runSequentially(SuiteRunner.java:396)
	at org.testng.SuiteRunner.privateRun(SuiteRunner.java:355)
	at org.testng.SuiteRunner.run(SuiteRunner.java:304)
	at org.testng.SuiteRunnerWorker.runSuite(SuiteRunnerWorker.java:53)
	at org.testng.SuiteRunnerWorker.run(SuiteRunnerWorker.java:96)
	at org.testng.TestNG.runSuitesSequentially(TestNG.java:1180)
	at org.testng.TestNG.runSuitesLocally(TestNG.java:1102)
	at org.testng.TestNG.runSuites(TestNG.java:1032)
	at org.testng.TestNG.run(TestNG.java:1000)
	at org.testng.remote.AbstractRemoteTestNG.run(AbstractRemoteTestNG.java:115)
	at org.testng.remote.RemoteTestNG.initAndRun(RemoteTestNG.java:251)
	at org.testng.remote.RemoteTestNG.main(RemoteTestNG.java:77)
</pre></div></td>
<td>0</td>
<td>day7.ParameterProcess@5ae63ade</td></tr>
</table><p>
</body>
</html>